<?xml version="1.0" encoding="UTF-8"?>
<!-- Generated by org.testng.reporters.JUnitXMLReporter -->
<testsuite hostname="Sujoy-PC" ignored="2" name="Smoke Test" tests="2" failures="0" timestamp="13 Apr 2019 06:20:22 GMT" time="10.098" errors="0">
  <testcase name="validLoginTest" time="6.19" classname="mercury.testcases.LoginTest"/>
  <testcase name="registerTest" time="3.08" classname="mercury.testcases.RegisterTest"/>
  <testcase name="@AfterSuite tearDown" time="0.0" classname="mercury.testbase.TestBase">
    <ignored/>
  </testcase> <!-- @AfterSuite tearDown -->
  <testcase name="@BeforeSuite startup" time="0.0" classname="mercury.testbase.TestBase">
    <ignored/>
  </testcase> <!-- @BeforeSuite startup -->
</testsuite> <!-- Smoke Test -->
