<?xml version="1.0" encoding="UTF-8"?>
<testng-results skipped="0" failed="0" ignored="0" total="2" passed="2">
  <reporter-output>
  </reporter-output>
  <suite name="Default suite" duration-ms="63" started-at="2019-04-13T05:20:54Z" finished-at="2019-04-13T05:20:54Z">
    <groups>
    </groups>
    <test name="Default test" duration-ms="63" started-at="2019-04-13T05:20:54Z" finished-at="2019-04-13T05:20:54Z">
      <class name="mercury.testcases.Temp">
        <test-method status="PASS" signature="testM()[pri:0, instance:mercury.testcases.Temp@e25b2fe]" name="testM" is-config="true" duration-ms="16" started-at="2019-04-13T05:20:54Z" finished-at="2019-04-13T05:20:54Z">
          <reporter-output>
          </reporter-output>
        </test-method> <!-- testM -->
        <test-method status="PASS" signature="bM()[pri:0, instance:mercury.testcases.Temp@e25b2fe]" name="bM" is-config="true" duration-ms="0" started-at="2019-04-13T05:20:54Z" finished-at="2019-04-13T05:20:54Z">
          <reporter-output>
          </reporter-output>
        </test-method> <!-- bM -->
        <test-method status="PASS" signature="m1()[pri:0, instance:mercury.testcases.Temp@e25b2fe]" name="m1" duration-ms="16" started-at="2019-04-13T05:20:54Z" finished-at="2019-04-13T05:20:54Z">
          <reporter-output>
          </reporter-output>
        </test-method> <!-- m1 -->
        <test-method status="PASS" signature="bM()[pri:0, instance:mercury.testcases.Temp@e25b2fe]" name="bM" is-config="true" duration-ms="0" started-at="2019-04-13T05:20:54Z" finished-at="2019-04-13T05:20:54Z">
          <reporter-output>
          </reporter-output>
        </test-method> <!-- bM -->
        <test-method status="PASS" signature="m2()[pri:0, instance:mercury.testcases.Temp@e25b2fe]" name="m2" duration-ms="0" started-at="2019-04-13T05:20:54Z" finished-at="2019-04-13T05:20:54Z">
          <reporter-output>
          </reporter-output>
        </test-method> <!-- m2 -->
      </class> <!-- mercury.testcases.Temp -->
    </test> <!-- Default test -->
  </suite> <!-- Default suite -->
</testng-results>
