<?xml version="1.0" encoding="UTF-8"?>
<testng-results skipped="0" failed="0" ignored="2" total="4" passed="2">
  <reporter-output>
  </reporter-output>
  <suite name="Suite" duration-ms="10098" started-at="2019-04-13T06:20:12Z" finished-at="2019-04-13T06:20:22Z">
    <groups>
    </groups>
    <test name="Smoke Test" duration-ms="10098" started-at="2019-04-13T06:20:12Z" finished-at="2019-04-13T06:20:22Z">
      <class name="mercury.testcases.RegisterTest">
        <test-method status="PASS" signature="registerTest(java.lang.String, java.lang.String, java.lang.String, java.lang.String, java.lang.String, java.lang.String, java.lang.String)[pri:0, instance:mercury.testcases.RegisterTest@4590c9c3]" name="registerTest" duration-ms="3080" started-at="2019-04-13T06:20:19Z" data-provider="registerData" finished-at="2019-04-13T06:20:22Z">
          <params>
            <param index="0">
              <value>
                <![CDATA[Sujoy]]>
              </value>
            </param>
            <param index="1">
              <value>
                <![CDATA[Kumar]]>
              </value>
            </param>
            <param index="2">
              <value>
                <![CDATA[8585951996]]>
              </value>
            </param>
            <param index="3">
              <value>
                <![CDATA[Sujoy@gmail.com]]>
              </value>
            </param>
            <param index="4">
              <value>
                <![CDATA[Sujoy1]]>
              </value>
            </param>
            <param index="5">
              <value>
                <![CDATA[Sujoy#123]]>
              </value>
            </param>
            <param index="6">
              <value>
                <![CDATA[Sujoy#123]]>
              </value>
            </param>
          </params>
          <reporter-output>
          </reporter-output>
        </test-method> <!-- registerTest -->
      </class> <!-- mercury.testcases.RegisterTest -->
      <class name="mercury.testcases.LoginTest">
        <test-method status="PASS" signature="startup()[pri:0, instance:mercury.testcases.LoginTest@b97c004]" name="startup" is-config="true" duration-ms="6917" started-at="2019-04-13T06:20:05Z" finished-at="2019-04-13T06:20:12Z">
          <reporter-output>
          </reporter-output>
        </test-method> <!-- startup -->
        <test-method status="PASS" signature="validLoginTest(java.lang.String, java.lang.String)[pri:0, instance:mercury.testcases.LoginTest@b97c004]" name="validLoginTest" duration-ms="6190" started-at="2019-04-13T06:20:13Z" data-provider="loginData" finished-at="2019-04-13T06:20:19Z">
          <params>
            <param index="0">
              <value>
                <![CDATA[mercury]]>
              </value>
            </param>
            <param index="1">
              <value>
                <![CDATA[mercury]]>
              </value>
            </param>
          </params>
          <reporter-output>
          </reporter-output>
        </test-method> <!-- validLoginTest -->
        <test-method status="PASS" signature="tearDown()[pri:0, instance:mercury.testcases.LoginTest@b97c004]" name="tearDown" is-config="true" duration-ms="554" started-at="2019-04-13T06:20:22Z" finished-at="2019-04-13T06:20:23Z">
          <reporter-output>
          </reporter-output>
        </test-method> <!-- tearDown -->
      </class> <!-- mercury.testcases.LoginTest -->
    </test> <!-- Smoke Test -->
  </suite> <!-- Suite -->
</testng-results>
